[2018-11-22 05:58:14] local.ERROR: command listCollections requires authentication {"exception":"[object] (MongoDB\\Driver\\Exception\\CommandException(code: 13): command listCollections requires authentication at /var/www/html/RaBook/vendor/mongodb/mongodb/src/Operation/ListCollections.php:132)
[stacktrace]
#0 /var/www/html/RaBook/vendor/mongodb/mongodb/src/Operation/ListCollections.php(132): MongoDB\\Driver\\Server->executeCommand('rab', Object(MongoDB\\Driver\\Command), Array)
#1 /var/www/html/RaBook/vendor/mongodb/mongodb/src/Operation/ListCollections.php(89): MongoDB\\Operation\\ListCollections->executeCommand(Object(MongoDB\\Driver\\Server))
#2 /var/www/html/RaBook/vendor/mongodb/mongodb/src/Database.php(343): MongoDB\\Operation\\ListCollections->execute(Object(MongoDB\\Driver\\Server))
#3 /var/www/html/RaBook/vendor/jenssegers/mongodb/src/Jenssegers/Mongodb/Schema/Builder.php(44): MongoDB\\Database->listCollections()
#4 /var/www/html/RaBook/vendor/jenssegers/mongodb/src/Jenssegers/Mongodb/Schema/Builder.php(58): Jenssegers\\Mongodb\\Schema\\Builder->hasCollection('migrations')
#5 /var/www/html/RaBook/vendor/laravel/framework/src/Illuminate/Database/Migrations/DatabaseMigrationRepository.php(169): Jenssegers\\Mongodb\\Schema\\Builder->hasTable('migrations')
#6 /var/www/html/RaBook/vendor/laravel/framework/src/Illuminate/Database/Migrations/Migrator.php(556): Illuminate\\Database\\Migrations\\DatabaseMigrationRepository->repositoryExists()
#7 /var/www/html/RaBook/vendor/laravel/framework/src/Illuminate/Database/Console/Migrations/MigrateCommand.php(91): Illuminate\\Database\\Migrations\\Migrator->repositoryExists()
#8 /var/www/html/RaBook/vendor/laravel/framework/src/Illuminate/Database/Console/Migrations/MigrateCommand.php(63): Illuminate\\Database\\Console\\Migrations\\MigrateCommand->prepareDatabase()
#9 [internal function]: Illuminate\\Database\\Console\\Migrations\\MigrateCommand->handle()
#10 /var/www/html/RaBook/vendor/laravel/framework/src/Illuminate/Container/BoundMethod.php(29): call_user_func_array(Array, Array)
#11 /var/www/html/RaBook/vendor/laravel/framework/src/Illuminate/Container/BoundMethod.php(87): Illuminate\\Container\\BoundMethod::Illuminate\\Container\\{closure}()
#12 /var/www/html/RaBook/vendor/laravel/framework/src/Illuminate/Container/BoundMethod.php(31): Illuminate\\Container\\BoundMethod::callBoundMethod(Object(Illuminate\\Foundation\\Application), Array, Object(Closure))
#13 /var/www/html/RaBook/vendor/laravel/framework/src/Illuminate/Container/Container.php(572): Illuminate\\Container\\BoundMethod::call(Object(Illuminate\\Foundation\\Application), Array, Array, NULL)
#14 /var/www/html/RaBook/vendor/laravel/framework/src/Illuminate/Console/Command.php(183): Illuminate\\Container\\Container->call(Array)
#15 /var/www/html/RaBook/vendor/symfony/console/Command/Command.php(255): Illuminate\\Console\\Command->execute(Object(Symfony\\Component\\Console\\Input\\ArgvInput), Object(Illuminate\\Console\\OutputStyle))
#16 /var/www/html/RaBook/vendor/laravel/framework/src/Illuminate/Console/Command.php(170): Symfony\\Component\\Console\\Command\\Command->run(Object(Symfony\\Component\\Console\\Input\\ArgvInput), Object(Illuminate\\Console\\OutputStyle))
#17 /var/www/html/RaBook/vendor/symfony/console/Application.php(886): Illuminate\\Console\\Command->run(Object(Symfony\\Component\\Console\\Input\\ArgvInput), Object(Symfony\\Component\\Console\\Output\\ConsoleOutput))
#18 /var/www/html/RaBook/vendor/symfony/console/Application.php(262): Symfony\\Component\\Console\\Application->doRunCommand(Object(Illuminate\\Database\\Console\\Migrations\\MigrateCommand), Object(Symfony\\Component\\Console\\Input\\ArgvInput), Object(Symfony\\Component\\Console\\Output\\ConsoleOutput))
#19 /var/www/html/RaBook/vendor/symfony/console/Application.php(145): Symfony\\Component\\Console\\Application->doRun(Object(Symfony\\Component\\Console\\Input\\ArgvInput), Object(Symfony\\Component\\Console\\Output\\ConsoleOutput))
#20 /var/www/html/RaBook/vendor/laravel/framework/src/Illuminate/Console/Application.php(89): Symfony\\Component\\Console\\Application->run(Object(Symfony\\Component\\Console\\Input\\ArgvInput), Object(Symfony\\Component\\Console\\Output\\ConsoleOutput))
#21 /var/www/html/RaBook/vendor/laravel/framework/src/Illuminate/Foundation/Console/Kernel.php(122): Illuminate\\Console\\Application->run(Object(Symfony\\Component\\Console\\Input\\ArgvInput), Object(Symfony\\Component\\Console\\Output\\ConsoleOutput))
#22 /var/www/html/RaBook/artisan(37): Illuminate\\Foundation\\Console\\Kernel->handle(Object(Symfony\\Component\\Console\\Input\\ArgvInput), Object(Symfony\\Component\\Console\\Output\\ConsoleOutput))
#23 {main}
"} 
[2018-11-22 05:58:41] local.ERROR: command listCollections requires authentication {"exception":"[object] (MongoDB\\Driver\\Exception\\CommandException(code: 13): command listCollections requires authentication at /var/www/html/RaBook/vendor/mongodb/mongodb/src/Operation/ListCollections.php:132)
[stacktrace]
#0 /var/www/html/RaBook/vendor/mongodb/mongodb/src/Operation/ListCollections.php(132): MongoDB\\Driver\\Server->executeCommand('rab', Object(MongoDB\\Driver\\Command), Array)
#1 /var/www/html/RaBook/vendor/mongodb/mongodb/src/Operation/ListCollections.php(89): MongoDB\\Operation\\ListCollections->executeCommand(Object(MongoDB\\Driver\\Server))
#2 /var/www/html/RaBook/vendor/mongodb/mongodb/src/Database.php(343): MongoDB\\Operation\\ListCollections->execute(Object(MongoDB\\Driver\\Server))
#3 /var/www/html/RaBook/vendor/jenssegers/mongodb/src/Jenssegers/Mongodb/Schema/Builder.php(44): MongoDB\\Database->listCollections()
#4 /var/www/html/RaBook/vendor/jenssegers/mongodb/src/Jenssegers/Mongodb/Schema/Builder.php(58): Jenssegers\\Mongodb\\Schema\\Builder->hasCollection('migrations')
#5 /var/www/html/RaBook/vendor/laravel/framework/src/Illuminate/Database/Migrations/DatabaseMigrationRepository.php(169): Jenssegers\\Mongodb\\Schema\\Builder->hasTable('migrations')
#6 /var/www/html/RaBook/vendor/laravel/framework/src/Illuminate/Database/Migrations/Migrator.php(556): Illuminate\\Database\\Migrations\\DatabaseMigrationRepository->repositoryExists()
#7 /var/www/html/RaBook/vendor/laravel/framework/src/Illuminate/Database/Console/Migrations/MigrateCommand.php(91): Illuminate\\Database\\Migrations\\Migrator->repositoryExists()
#8 /var/www/html/RaBook/vendor/laravel/framework/src/Illuminate/Database/Console/Migrations/MigrateCommand.php(63): Illuminate\\Database\\Console\\Migrations\\MigrateCommand->prepareDatabase()
#9 [internal function]: Illuminate\\Database\\Console\\Migrations\\MigrateCommand->handle()
#10 /var/www/html/RaBook/vendor/laravel/framework/src/Illuminate/Container/BoundMethod.php(29): call_user_func_array(Array, Array)
#11 /var/www/html/RaBook/vendor/laravel/framework/src/Illuminate/Container/BoundMethod.php(87): Illuminate\\Container\\BoundMethod::Illuminate\\Container\\{closure}()
#12 /var/www/html/RaBook/vendor/laravel/framework/src/Illuminate/Container/BoundMethod.php(31): Illuminate\\Container\\BoundMethod::callBoundMethod(Object(Illuminate\\Foundation\\Application), Array, Object(Closure))
#13 /var/www/html/RaBook/vendor/laravel/framework/src/Illuminate/Container/Container.php(572): Illuminate\\Container\\BoundMethod::call(Object(Illuminate\\Foundation\\Application), Array, Array, NULL)
#14 /var/www/html/RaBook/vendor/laravel/framework/src/Illuminate/Console/Command.php(183): Illuminate\\Container\\Container->call(Array)
#15 /var/www/html/RaBook/vendor/symfony/console/Command/Command.php(255): Illuminate\\Console\\Command->execute(Object(Symfony\\Component\\Console\\Input\\ArgvInput), Object(Illuminate\\Console\\OutputStyle))
#16 /var/www/html/RaBook/vendor/laravel/framework/src/Illuminate/Console/Command.php(170): Symfony\\Component\\Console\\Command\\Command->run(Object(Symfony\\Component\\Console\\Input\\ArgvInput), Object(Illuminate\\Console\\OutputStyle))
#17 /var/www/html/RaBook/vendor/symfony/console/Application.php(886): Illuminate\\Console\\Command->run(Object(Symfony\\Component\\Console\\Input\\ArgvInput), Object(Symfony\\Component\\Console\\Output\\ConsoleOutput))
#18 /var/www/html/RaBook/vendor/symfony/console/Application.php(262): Symfony\\Component\\Console\\Application->doRunCommand(Object(Illuminate\\Database\\Console\\Migrations\\MigrateCommand), Object(Symfony\\Component\\Console\\Input\\ArgvInput), Object(Symfony\\Component\\Console\\Output\\ConsoleOutput))
#19 /var/www/html/RaBook/vendor/symfony/console/Application.php(145): Symfony\\Component\\Console\\Application->doRun(Object(Symfony\\Component\\Console\\Input\\ArgvInput), Object(Symfony\\Component\\Console\\Output\\ConsoleOutput))
#20 /var/www/html/RaBook/vendor/laravel/framework/src/Illuminate/Console/Application.php(89): Symfony\\Component\\Console\\Application->run(Object(Symfony\\Component\\Console\\Input\\ArgvInput), Object(Symfony\\Component\\Console\\Output\\ConsoleOutput))
#21 /var/www/html/RaBook/vendor/laravel/framework/src/Illuminate/Foundation/Console/Kernel.php(122): Illuminate\\Console\\Application->run(Object(Symfony\\Component\\Console\\Input\\ArgvInput), Object(Symfony\\Component\\Console\\Output\\ConsoleOutput))
#22 /var/www/html/RaBook/artisan(37): Illuminate\\Foundation\\Console\\Kernel->handle(Object(Symfony\\Component\\Console\\Input\\ArgvInput), Object(Symfony\\Component\\Console\\Output\\ConsoleOutput))
#23 {main}
"} 
[2018-11-22 06:02:36] local.ERROR: command listCollections requires authentication {"exception":"[object] (MongoDB\\Driver\\Exception\\CommandException(code: 13): command listCollections requires authentication at /var/www/html/RaBook/vendor/mongodb/mongodb/src/Operation/ListCollections.php:132)
[stacktrace]
#0 /var/www/html/RaBook/vendor/mongodb/mongodb/src/Operation/ListCollections.php(132): MongoDB\\Driver\\Server->executeCommand('rab', Object(MongoDB\\Driver\\Command), Array)
#1 /var/www/html/RaBook/vendor/mongodb/mongodb/src/Operation/ListCollections.php(89): MongoDB\\Operation\\ListCollections->executeCommand(Object(MongoDB\\Driver\\Server))
#2 /var/www/html/RaBook/vendor/mongodb/mongodb/src/Database.php(343): MongoDB\\Operation\\ListCollections->execute(Object(MongoDB\\Driver\\Server))
#3 /var/www/html/RaBook/vendor/jenssegers/mongodb/src/Jenssegers/Mongodb/Schema/Builder.php(44): MongoDB\\Database->listCollections()
#4 /var/www/html/RaBook/vendor/jenssegers/mongodb/src/Jenssegers/Mongodb/Schema/Builder.php(58): Jenssegers\\Mongodb\\Schema\\Builder->hasCollection('migrations')
#5 /var/www/html/RaBook/vendor/laravel/framework/src/Illuminate/Database/Migrations/DatabaseMigrationRepository.php(169): Jenssegers\\Mongodb\\Schema\\Builder->hasTable('migrations')
#6 /var/www/html/RaBook/vendor/laravel/framework/src/Illuminate/Database/Migrations/Migrator.php(556): Illuminate\\Database\\Migrations\\DatabaseMigrationRepository->repositoryExists()
#7 /var/www/html/RaBook/vendor/laravel/framework/src/Illuminate/Database/Console/Migrations/MigrateCommand.php(91): Illuminate\\Database\\Migrations\\Migrator->repositoryExists()
#8 /var/www/html/RaBook/vendor/laravel/framework/src/Illuminate/Database/Console/Migrations/MigrateCommand.php(63): Illuminate\\Database\\Console\\Migrations\\MigrateCommand->prepareDatabase()
#9 [internal function]: Illuminate\\Database\\Console\\Migrations\\MigrateCommand->handle()
#10 /var/www/html/RaBook/vendor/laravel/framework/src/Illuminate/Container/BoundMethod.php(29): call_user_func_array(Array, Array)
#11 /var/www/html/RaBook/vendor/laravel/framework/src/Illuminate/Container/BoundMethod.php(87): Illuminate\\Container\\BoundMethod::Illuminate\\Container\\{closure}()
#12 /var/www/html/RaBook/vendor/laravel/framework/src/Illuminate/Container/BoundMethod.php(31): Illuminate\\Container\\BoundMethod::callBoundMethod(Object(Illuminate\\Foundation\\Application), Array, Object(Closure))
#13 /var/www/html/RaBook/vendor/laravel/framework/src/Illuminate/Container/Container.php(572): Illuminate\\Container\\BoundMethod::call(Object(Illuminate\\Foundation\\Application), Array, Array, NULL)
#14 /var/www/html/RaBook/vendor/laravel/framework/src/Illuminate/Console/Command.php(183): Illuminate\\Container\\Container->call(Array)
#15 /var/www/html/RaBook/vendor/symfony/console/Command/Command.php(255): Illuminate\\Console\\Command->execute(Object(Symfony\\Component\\Console\\Input\\ArgvInput), Object(Illuminate\\Console\\OutputStyle))
#16 /var/www/html/RaBook/vendor/laravel/framework/src/Illuminate/Console/Command.php(170): Symfony\\Component\\Console\\Command\\Command->run(Object(Symfony\\Component\\Console\\Input\\ArgvInput), Object(Illuminate\\Console\\OutputStyle))
#17 /var/www/html/RaBook/vendor/symfony/console/Application.php(886): Illuminate\\Console\\Command->run(Object(Symfony\\Component\\Console\\Input\\ArgvInput), Object(Symfony\\Component\\Console\\Output\\ConsoleOutput))
#18 /var/www/html/RaBook/vendor/symfony/console/Application.php(262): Symfony\\Component\\Console\\Application->doRunCommand(Object(Illuminate\\Database\\Console\\Migrations\\MigrateCommand), Object(Symfony\\Component\\Console\\Input\\ArgvInput), Object(Symfony\\Component\\Console\\Output\\ConsoleOutput))
#19 /var/www/html/RaBook/vendor/symfony/console/Application.php(145): Symfony\\Component\\Console\\Application->doRun(Object(Symfony\\Component\\Console\\Input\\ArgvInput), Object(Symfony\\Component\\Console\\Output\\ConsoleOutput))
#20 /var/www/html/RaBook/vendor/laravel/framework/src/Illuminate/Console/Application.php(89): Symfony\\Component\\Console\\Application->run(Object(Symfony\\Component\\Console\\Input\\ArgvInput), Object(Symfony\\Component\\Console\\Output\\ConsoleOutput))
#21 /var/www/html/RaBook/vendor/laravel/framework/src/Illuminate/Foundation/Console/Kernel.php(122): Illuminate\\Console\\Application->run(Object(Symfony\\Component\\Console\\Input\\ArgvInput), Object(Symfony\\Component\\Console\\Output\\ConsoleOutput))
#22 /var/www/html/RaBook/artisan(37): Illuminate\\Foundation\\Console\\Kernel->handle(Object(Symfony\\Component\\Console\\Input\\ArgvInput), Object(Symfony\\Component\\Console\\Output\\ConsoleOutput))
#23 {main}
"} 
[2018-11-22 06:02:43] local.ERROR: command listCollections requires authentication {"exception":"[object] (MongoDB\\Driver\\Exception\\CommandException(code: 13): command listCollections requires authentication at /var/www/html/RaBook/vendor/mongodb/mongodb/src/Operation/ListCollections.php:132)
[stacktrace]
#0 /var/www/html/RaBook/vendor/mongodb/mongodb/src/Operation/ListCollections.php(132): MongoDB\\Driver\\Server->executeCommand('rab', Object(MongoDB\\Driver\\Command), Array)
#1 /var/www/html/RaBook/vendor/mongodb/mongodb/src/Operation/ListCollections.php(89): MongoDB\\Operation\\ListCollections->executeCommand(Object(MongoDB\\Driver\\Server))
#2 /var/www/html/RaBook/vendor/mongodb/mongodb/src/Database.php(343): MongoDB\\Operation\\ListCollections->execute(Object(MongoDB\\Driver\\Server))
#3 /var/www/html/RaBook/vendor/jenssegers/mongodb/src/Jenssegers/Mongodb/Schema/Builder.php(44): MongoDB\\Database->listCollections()
#4 /var/www/html/RaBook/vendor/jenssegers/mongodb/src/Jenssegers/Mongodb/Schema/Builder.php(58): Jenssegers\\Mongodb\\Schema\\Builder->hasCollection('migrations')
#5 /var/www/html/RaBook/vendor/laravel/framework/src/Illuminate/Database/Migrations/DatabaseMigrationRepository.php(169): Jenssegers\\Mongodb\\Schema\\Builder->hasTable('migrations')
#6 /var/www/html/RaBook/vendor/laravel/framework/src/Illuminate/Database/Migrations/Migrator.php(556): Illuminate\\Database\\Migrations\\DatabaseMigrationRepository->repositoryExists()
#7 /var/www/html/RaBook/vendor/laravel/framework/src/Illuminate/Database/Console/Migrations/MigrateCommand.php(91): Illuminate\\Database\\Migrations\\Migrator->repositoryExists()
#8 /var/www/html/RaBook/vendor/laravel/framework/src/Illuminate/Database/Console/Migrations/MigrateCommand.php(63): Illuminate\\Database\\Console\\Migrations\\MigrateCommand->prepareDatabase()
#9 [internal function]: Illuminate\\Database\\Console\\Migrations\\MigrateCommand->handle()
#10 /var/www/html/RaBook/vendor/laravel/framework/src/Illuminate/Container/BoundMethod.php(29): call_user_func_array(Array, Array)
#11 /var/www/html/RaBook/vendor/laravel/framework/src/Illuminate/Container/BoundMethod.php(87): Illuminate\\Container\\BoundMethod::Illuminate\\Container\\{closure}()
#12 /var/www/html/RaBook/vendor/laravel/framework/src/Illuminate/Container/BoundMethod.php(31): Illuminate\\Container\\BoundMethod::callBoundMethod(Object(Illuminate\\Foundation\\Application), Array, Object(Closure))
#13 /var/www/html/RaBook/vendor/laravel/framework/src/Illuminate/Container/Container.php(572): Illuminate\\Container\\BoundMethod::call(Object(Illuminate\\Foundation\\Application), Array, Array, NULL)
#14 /var/www/html/RaBook/vendor/laravel/framework/src/Illuminate/Console/Command.php(183): Illuminate\\Container\\Container->call(Array)
#15 /var/www/html/RaBook/vendor/symfony/console/Command/Command.php(255): Illuminate\\Console\\Command->execute(Object(Symfony\\Component\\Console\\Input\\ArgvInput), Object(Illuminate\\Console\\OutputStyle))
#16 /var/www/html/RaBook/vendor/laravel/framework/src/Illuminate/Console/Command.php(170): Symfony\\Component\\Console\\Command\\Command->run(Object(Symfony\\Component\\Console\\Input\\ArgvInput), Object(Illuminate\\Console\\OutputStyle))
#17 /var/www/html/RaBook/vendor/symfony/console/Application.php(886): Illuminate\\Console\\Command->run(Object(Symfony\\Component\\Console\\Input\\ArgvInput), Object(Symfony\\Component\\Console\\Output\\ConsoleOutput))
#18 /var/www/html/RaBook/vendor/symfony/console/Application.php(262): Symfony\\Component\\Console\\Application->doRunCommand(Object(Illuminate\\Database\\Console\\Migrations\\MigrateCommand), Object(Symfony\\Component\\Console\\Input\\ArgvInput), Object(Symfony\\Component\\Console\\Output\\ConsoleOutput))
#19 /var/www/html/RaBook/vendor/symfony/console/Application.php(145): Symfony\\Component\\Console\\Application->doRun(Object(Symfony\\Component\\Console\\Input\\ArgvInput), Object(Symfony\\Component\\Console\\Output\\ConsoleOutput))
#20 /var/www/html/RaBook/vendor/laravel/framework/src/Illuminate/Console/Application.php(89): Symfony\\Component\\Console\\Application->run(Object(Symfony\\Component\\Console\\Input\\ArgvInput), Object(Symfony\\Component\\Console\\Output\\ConsoleOutput))
#21 /var/www/html/RaBook/vendor/laravel/framework/src/Illuminate/Foundation/Console/Kernel.php(122): Illuminate\\Console\\Application->run(Object(Symfony\\Component\\Console\\Input\\ArgvInput), Object(Symfony\\Component\\Console\\Output\\ConsoleOutput))
#22 /var/www/html/RaBook/artisan(37): Illuminate\\Foundation\\Console\\Kernel->handle(Object(Symfony\\Component\\Console\\Input\\ArgvInput), Object(Symfony\\Component\\Console\\Output\\ConsoleOutput))
#23 {main}
"} 
[2018-11-22 06:02:51] local.ERROR: command listCollections requires authentication {"exception":"[object] (MongoDB\\Driver\\Exception\\CommandException(code: 13): command listCollections requires authentication at /var/www/html/RaBook/vendor/mongodb/mongodb/src/Operation/ListCollections.php:132)
[stacktrace]
#0 /var/www/html/RaBook/vendor/mongodb/mongodb/src/Operation/ListCollections.php(132): MongoDB\\Driver\\Server->executeCommand('rab', Object(MongoDB\\Driver\\Command), Array)
#1 /var/www/html/RaBook/vendor/mongodb/mongodb/src/Operation/ListCollections.php(89): MongoDB\\Operation\\ListCollections->executeCommand(Object(MongoDB\\Driver\\Server))
#2 /var/www/html/RaBook/vendor/mongodb/mongodb/src/Database.php(343): MongoDB\\Operation\\ListCollections->execute(Object(MongoDB\\Driver\\Server))
#3 /var/www/html/RaBook/vendor/jenssegers/mongodb/src/Jenssegers/Mongodb/Schema/Builder.php(44): MongoDB\\Database->listCollections()
#4 /var/www/html/RaBook/vendor/jenssegers/mongodb/src/Jenssegers/Mongodb/Schema/Builder.php(58): Jenssegers\\Mongodb\\Schema\\Builder->hasCollection('migrations')
#5 /var/www/html/RaBook/vendor/laravel/framework/src/Illuminate/Database/Migrations/DatabaseMigrationRepository.php(169): Jenssegers\\Mongodb\\Schema\\Builder->hasTable('migrations')
#6 /var/www/html/RaBook/vendor/laravel/framework/src/Illuminate/Database/Migrations/Migrator.php(556): Illuminate\\Database\\Migrations\\DatabaseMigrationRepository->repositoryExists()
#7 /var/www/html/RaBook/vendor/laravel/framework/src/Illuminate/Database/Console/Migrations/MigrateCommand.php(91): Illuminate\\Database\\Migrations\\Migrator->repositoryExists()
#8 /var/www/html/RaBook/vendor/laravel/framework/src/Illuminate/Database/Console/Migrations/MigrateCommand.php(63): Illuminate\\Database\\Console\\Migrations\\MigrateCommand->prepareDatabase()
#9 [internal function]: Illuminate\\Database\\Console\\Migrations\\MigrateCommand->handle()
#10 /var/www/html/RaBook/vendor/laravel/framework/src/Illuminate/Container/BoundMethod.php(29): call_user_func_array(Array, Array)
#11 /var/www/html/RaBook/vendor/laravel/framework/src/Illuminate/Container/BoundMethod.php(87): Illuminate\\Container\\BoundMethod::Illuminate\\Container\\{closure}()
#12 /var/www/html/RaBook/vendor/laravel/framework/src/Illuminate/Container/BoundMethod.php(31): Illuminate\\Container\\BoundMethod::callBoundMethod(Object(Illuminate\\Foundation\\Application), Array, Object(Closure))
#13 /var/www/html/RaBook/vendor/laravel/framework/src/Illuminate/Container/Container.php(572): Illuminate\\Container\\BoundMethod::call(Object(Illuminate\\Foundation\\Application), Array, Array, NULL)
#14 /var/www/html/RaBook/vendor/laravel/framework/src/Illuminate/Console/Command.php(183): Illuminate\\Container\\Container->call(Array)
#15 /var/www/html/RaBook/vendor/symfony/console/Command/Command.php(255): Illuminate\\Console\\Command->execute(Object(Symfony\\Component\\Console\\Input\\ArgvInput), Object(Illuminate\\Console\\OutputStyle))
#16 /var/www/html/RaBook/vendor/laravel/framework/src/Illuminate/Console/Command.php(170): Symfony\\Component\\Console\\Command\\Command->run(Object(Symfony\\Component\\Console\\Input\\ArgvInput), Object(Illuminate\\Console\\OutputStyle))
#17 /var/www/html/RaBook/vendor/symfony/console/Application.php(886): Illuminate\\Console\\Command->run(Object(Symfony\\Component\\Console\\Input\\ArgvInput), Object(Symfony\\Component\\Console\\Output\\ConsoleOutput))
#18 /var/www/html/RaBook/vendor/symfony/console/Application.php(262): Symfony\\Component\\Console\\Application->doRunCommand(Object(Illuminate\\Database\\Console\\Migrations\\MigrateCommand), Object(Symfony\\Component\\Console\\Input\\ArgvInput), Object(Symfony\\Component\\Console\\Output\\ConsoleOutput))
#19 /var/www/html/RaBook/vendor/symfony/console/Application.php(145): Symfony\\Component\\Console\\Application->doRun(Object(Symfony\\Component\\Console\\Input\\ArgvInput), Object(Symfony\\Component\\Console\\Output\\ConsoleOutput))
#20 /var/www/html/RaBook/vendor/laravel/framework/src/Illuminate/Console/Application.php(89): Symfony\\Component\\Console\\Application->run(Object(Symfony\\Component\\Console\\Input\\ArgvInput), Object(Symfony\\Component\\Console\\Output\\ConsoleOutput))
#21 /var/www/html/RaBook/vendor/laravel/framework/src/Illuminate/Foundation/Console/Kernel.php(122): Illuminate\\Console\\Application->run(Object(Symfony\\Component\\Console\\Input\\ArgvInput), Object(Symfony\\Component\\Console\\Output\\ConsoleOutput))
#22 /var/www/html/RaBook/artisan(37): Illuminate\\Foundation\\Console\\Kernel->handle(Object(Symfony\\Component\\Console\\Input\\ArgvInput), Object(Symfony\\Component\\Console\\Output\\ConsoleOutput))
#23 {main}
"} 
